2022-08-03 09:13:08.955  INFO 3152 --- [main] com.rubypaper.BoardServiceTest           : Starting BoardServiceTest using Java 17.0.3 on M3037 with PID 3152 (started by student in C:\DEV\eclipse-workspace\Chapter03)
2022-08-03 09:13:08.956  INFO 3152 --- [main] com.rubypaper.BoardServiceTest           : No active profile set, falling back to 1 default profile: "default"
2022-08-03 09:13:10.282  INFO 3152 --- [main] com.zaxxer.hikari.HikariDataSource       : HikariPool-1 - Starting...
2022-08-03 09:13:10.338  INFO 3152 --- [main] com.zaxxer.hikari.HikariDataSource       : HikariPool-1 - Start completed.
2022-08-03 09:13:10.412  INFO 3152 --- [main] o.s.b.t.m.w.SpringBootMockServletContext : Initializing Spring TestDispatcherServlet ''
2022-08-03 09:13:10.412  INFO 3152 --- [main] o.s.t.web.servlet.TestDispatcherServlet  : Initializing Servlet ''
2022-08-03 09:13:10.413  INFO 3152 --- [main] o.s.t.web.servlet.TestDispatcherServlet  : Completed initialization in 1 ms
2022-08-03 09:13:10.425  INFO 3152 --- [main] com.rubypaper.BoardServiceTest           : Started BoardServiceTest in 1.718 seconds (JVM running for 2.448)
2022-08-03 09:13:10.427  INFO 3152 --- [main] com.rubypaper.service.LoggingService     : INFO ë ˆë²¨ì˜ ë¡œê·¸
2022-08-03 09:13:10.427  WARN 3152 --- [main] com.rubypaper.service.LoggingService     : WARN ë ˆë²¨ì˜ ë¡œê·¸
2022-08-03 09:13:10.427 ERROR 3152 --- [main] com.rubypaper.service.LoggingService     : ERROR ë ˆë²¨ì˜ ë¡œê·¸
2022-08-03 09:13:10.526  INFO 3152 --- [SpringApplicationShutdownHook] com.zaxxer.hikari.HikariDataSource       : HikariPool-1 - Shutdown initiated...
2022-08-03 09:13:10.532  INFO 3152 --- [SpringApplicationShutdownHook] com.zaxxer.hikari.HikariDataSource       : HikariPool-1 - Shutdown completed.
2022-08-03 09:14:18.097  INFO 5976 --- [restartedMain] com.rubypaper.Chapter03Application       : Starting Chapter03Application using Java 17.0.3 on M3037 with PID 5976 (C:\DEV\eclipse-workspace\Chapter03\target\classes started by student in C:\DEV\eclipse-workspace\Chapter03)
2022-08-03 09:14:18.098  INFO 5976 --- [restartedMain] com.rubypaper.Chapter03Application       : No active profile set, falling back to 1 default profile: "default"
2022-08-03 09:14:18.122  INFO 5976 --- [restartedMain] .e.DevToolsPropertyDefaultsPostProcessor : Devtools property defaults active! Set 'spring.devtools.add-properties' to 'false' to disable
2022-08-03 09:14:18.122  INFO 5976 --- [restartedMain] .e.DevToolsPropertyDefaultsPostProcessor : For additional web related logging consider setting the 'logging.level.web' property to 'DEBUG'
2022-08-03 09:14:18.535  INFO 5976 --- [restartedMain] com.zaxxer.hikari.HikariDataSource       : HikariPool-1 - Starting...
2022-08-03 09:14:18.585  INFO 5976 --- [restartedMain] com.zaxxer.hikari.HikariDataSource       : HikariPool-1 - Start completed.
2022-08-03 09:14:18.623  INFO 5976 --- [restartedMain] o.s.b.d.a.OptionalLiveReloadServer       : LiveReload server is running on port 35729
2022-08-03 09:14:18.635  INFO 5976 --- [restartedMain] com.rubypaper.Chapter03Application       : Started Chapter03Application in 0.8 seconds (JVM running for 1.256)
2022-08-03 09:14:18.636  INFO 5976 --- [restartedMain] com.rubypaper.service.LoggingService     : INFO ë ˆë²¨ì˜ ë¡œê·¸
2022-08-03 09:14:18.636  WARN 5976 --- [restartedMain] com.rubypaper.service.LoggingService     : WARN ë ˆë²¨ì˜ ë¡œê·¸
2022-08-03 09:14:18.636 ERROR 5976 --- [restartedMain] com.rubypaper.service.LoggingService     : ERROR ë ˆë²¨ì˜ ë¡œê·¸
2022-08-03 09:14:18.859  WARN 5976 --- [SpringApplicationShutdownHook] o.s.b.f.support.DisposableBeanAdapter    : Invocation of destroy method failed on bean with name 'inMemoryDatabaseShutdownExecutor': org.h2.jdbc.JdbcSQLNonTransientConnectionException: Database is already closed (to disable automatic closing at VM shutdown, add ";DB_CLOSE_ON_EXIT=FALSE" to the db URL) [90121-214]
2022-08-03 09:14:18.860  INFO 5976 --- [SpringApplicationShutdownHook] com.zaxxer.hikari.HikariDataSource       : HikariPool-1 - Shutdown initiated...
2022-08-03 09:14:18.940  INFO 5976 --- [SpringApplicationShutdownHook] com.zaxxer.hikari.HikariDataSource       : HikariPool-1 - Shutdown completed.
$d{yyyy:MM:dd HH:mm:ss} INFO  --- [restartedMain] com.rubypaper.Chapter03Application : Starting Chapter03Application using Java 17.0.3 on M3037 with PID 5880 (C:\DEV\eclipse-workspace\Chapter03\target\classes started by student in C:\DEV\eclipse-workspace\Chapter03) 
$d{yyyy:MM:dd HH:mm:ss} INFO  --- [restartedMain] com.rubypaper.Chapter03Application : No active profile set, falling back to 1 default profile: "default" 
$d{yyyy:MM:dd HH:mm:ss} INFO  --- [restartedMain] o.s.b.d.e.DevToolsPropertyDefaultsPostProcessor : Devtools property defaults active! Set 'spring.devtools.add-properties' to 'false' to disable 
$d{yyyy:MM:dd HH:mm:ss} INFO  --- [restartedMain] o.s.b.d.e.DevToolsPropertyDefaultsPostProcessor : For additional web related logging consider setting the 'logging.level.web' property to 'DEBUG' 
$d{yyyy:MM:dd HH:mm:ss} INFO  --- [restartedMain] com.zaxxer.hikari.HikariDataSource : HikariPool-1 - Starting... 
$d{yyyy:MM:dd HH:mm:ss} INFO  --- [restartedMain] com.zaxxer.hikari.HikariDataSource : HikariPool-1 - Start completed. 
$d{yyyy:MM:dd HH:mm:ss} INFO  --- [restartedMain] o.s.b.d.a.OptionalLiveReloadServer : LiveReload server is running on port 35729 
$d{yyyy:MM:dd HH:mm:ss} INFO  --- [restartedMain] com.rubypaper.Chapter03Application : Started Chapter03Application in 0.776 seconds (JVM running for 1.227) 
$d{yyyy:MM:dd HH:mm:ss} INFO  --- [restartedMain] c.rubypaper.service.LoggingService : INFO ë ˆë²¨ì˜ ë¡œê·¸ 
$d{yyyy:MM:dd HH:mm:ss} WARN  --- [restartedMain] c.rubypaper.service.LoggingService : WARN ë ˆë²¨ì˜ ë¡œê·¸ 
$d{yyyy:MM:dd HH:mm:ss} ERROR --- [restartedMain] c.rubypaper.service.LoggingService : ERROR ë ˆë²¨ì˜ ë¡œê·¸ 
$d{yyyy:MM:dd HH:mm:ss} WARN  --- [SpringApplicationShutdownHook] o.s.b.f.s.DisposableBeanAdapter : Invocation of destroy method failed on bean with name 'inMemoryDatabaseShutdownExecutor': org.h2.jdbc.JdbcSQLNonTransientConnectionException: Database is already closed (to disable automatic closing at VM shutdown, add ";DB_CLOSE_ON_EXIT=FALSE" to the db URL) [90121-214] 
$d{yyyy:MM:dd HH:mm:ss} INFO  --- [SpringApplicationShutdownHook] com.zaxxer.hikari.HikariDataSource : HikariPool-1 - Shutdown initiated... 
$d{yyyy:MM:dd HH:mm:ss} INFO  --- [SpringApplicationShutdownHook] com.zaxxer.hikari.HikariDataSource : HikariPool-1 - Shutdown completed. 
2022:08:03 09:20:44 INFO  --- [restartedMain] com.rubypaper.Chapter03Application : Starting Chapter03Application using Java 17.0.3 on M3037 with PID 6356 (C:\DEV\eclipse-workspace\Chapter03\target\classes started by student in C:\DEV\eclipse-workspace\Chapter03) 
2022:08:03 09:20:44 INFO  --- [restartedMain] com.rubypaper.Chapter03Application : No active profile set, falling back to 1 default profile: "default" 
2022:08:03 09:20:44 INFO  --- [restartedMain] o.s.b.d.e.DevToolsPropertyDefaultsPostProcessor : Devtools property defaults active! Set 'spring.devtools.add-properties' to 'false' to disable 
2022:08:03 09:20:44 INFO  --- [restartedMain] o.s.b.d.e.DevToolsPropertyDefaultsPostProcessor : For additional web related logging consider setting the 'logging.level.web' property to 'DEBUG' 
2022:08:03 09:20:44 INFO  --- [restartedMain] com.zaxxer.hikari.HikariDataSource : HikariPool-1 - Starting... 
2022:08:03 09:20:44 INFO  --- [restartedMain] com.zaxxer.hikari.HikariDataSource : HikariPool-1 - Start completed. 
2022:08:03 09:20:44 INFO  --- [restartedMain] o.s.b.d.a.OptionalLiveReloadServer : LiveReload server is running on port 35729 
2022:08:03 09:20:44 INFO  --- [restartedMain] com.rubypaper.Chapter03Application : Started Chapter03Application in 0.777 seconds (JVM running for 1.228) 
2022:08:03 09:20:44 INFO  --- [restartedMain] c.rubypaper.service.LoggingService : INFO ë ˆë²¨ì˜ ë¡œê·¸ 
2022:08:03 09:20:44 WARN  --- [restartedMain] c.rubypaper.service.LoggingService : WARN ë ˆë²¨ì˜ ë¡œê·¸ 
2022:08:03 09:20:44 ERROR --- [restartedMain] c.rubypaper.service.LoggingService : ERROR ë ˆë²¨ì˜ ë¡œê·¸ 
2022:08:03 09:20:45 WARN  --- [SpringApplicationShutdownHook] o.s.b.f.s.DisposableBeanAdapter : Invocation of destroy method failed on bean with name 'inMemoryDatabaseShutdownExecutor': org.h2.jdbc.JdbcSQLNonTransientConnectionException: Database is already closed (to disable automatic closing at VM shutdown, add ";DB_CLOSE_ON_EXIT=FALSE" to the db URL) [90121-214] 
2022:08:03 09:20:45 INFO  --- [SpringApplicationShutdownHook] com.zaxxer.hikari.HikariDataSource : HikariPool-1 - Shutdown initiated... 
2022:08:03 09:20:45 INFO  --- [SpringApplicationShutdownHook] com.zaxxer.hikari.HikariDataSource : HikariPool-1 - Shutdown completed. 
2022:08:03 WARN  --- [restartedMain] c.rubypaper.service.LoggingService : WARN ë ˆë²¨ì˜ ë¡œê·¸ 
2022:08:03 ERROR --- [restartedMain] c.rubypaper.service.LoggingService : ERROR ë ˆë²¨ì˜ ë¡œê·¸ 
2022:08:03 WARN  --- [restartedMain] c.rubypaper.service.LoggingService : WARN ë ˆë²¨ì˜ ë¡œê·¸ 
2022:08:03 ERROR --- [restartedMain] c.rubypaper.service.LoggingService : ERROR ë ˆë²¨ì˜ ë¡œê·¸ 
2022:08:03 WARN  --- [restartedMain] c.rubypaper.service.LoggingService : WARN ë ˆë²¨ì˜ ë¡œê·¸ 
2022:08:03 ERROR --- [restartedMain] c.rubypaper.service.LoggingService : ERROR ë ˆë²¨ì˜ ë¡œê·¸ 
2022:08:03 WARN  --- [restartedMain] c.rubypaper.service.LoggingService : WARN ë ˆë²¨ì˜ ë¡œê·¸ 
2022:08:03 ERROR --- [restartedMain] c.rubypaper.service.LoggingService : ERROR ë ˆë²¨ì˜ ë¡œê·¸ 
2022:08:03 WARN  --- [restartedMain] c.rubypaper.service.LoggingService : WARN ë ˆë²¨ì˜ ë¡œê·¸ 
2022:08:03 ERROR --- [restartedMain] c.rubypaper.service.LoggingService : ERROR ë ˆë²¨ì˜ ë¡œê·¸ 
2022:08:03 WARN  --- [restartedMain] c.rubypaper.service.LoggingService : WARN ë ˆë²¨ì˜ ë¡œê·¸ 
2022:08:03 ERROR --- [restartedMain] c.rubypaper.service.LoggingService : ERROR ë ˆë²¨ì˜ ë¡œê·¸ 
2022:08:03 WARN  --- [restartedMain] c.rubypaper.service.LoggingService : WARN ë ˆë²¨ì˜ ë¡œê·¸ 
2022:08:03 ERROR --- [restartedMain] c.rubypaper.service.LoggingService : ERROR ë ˆë²¨ì˜ ë¡œê·¸ 
2022:08:03 WARN  --- [restartedMain] c.rubypaper.service.LoggingService : WARN ë ˆë²¨ì˜ ë¡œê·¸ 
2022:08:03 ERROR --- [restartedMain] c.rubypaper.service.LoggingService : ERROR ë ˆë²¨ì˜ ë¡œê·¸ 
2022:08:03 WARN  --- [restartedMain] c.rubypaper.service.LoggingService : WARN ë ˆë²¨ì˜ ë¡œê·¸ 
2022:08:03 ERROR --- [restartedMain] c.rubypaper.service.LoggingService : ERROR ë ˆë²¨ì˜ ë¡œê·¸ 
2022:08:03 WARN  --- [restartedMain] c.rubypaper.service.LoggingService : WARN ë ˆë²¨ì˜ ë¡œê·¸ 
2022:08:03 ERROR --- [restartedMain] c.rubypaper.service.LoggingService : ERROR ë ˆë²¨ì˜ ë¡œê·¸ 
2022:08:03 WARN  --- [restartedMain] c.rubypaper.service.LoggingService : WARN ë ˆë²¨ì˜ ë¡œê·¸ 
2022:08:03 ERROR --- [restartedMain] c.rubypaper.service.LoggingService : ERROR ë ˆë²¨ì˜ ë¡œê·¸ 
2022:08:03 WARN  --- [restartedMain] c.rubypaper.service.LoggingService : WARN ë ˆë²¨ì˜ ë¡œê·¸ 
2022:08:03 ERROR --- [restartedMain] c.rubypaper.service.LoggingService : ERROR ë ˆë²¨ì˜ ë¡œê·¸ 
2022:08:03 WARN  --- [restartedMain] c.rubypaper.service.LoggingService : WARN ë ˆë²¨ì˜ ë¡œê·¸ 
2022:08:03 ERROR --- [restartedMain] c.rubypaper.service.LoggingService : ERROR ë ˆë²¨ì˜ ë¡œê·¸ 
2022:08:03 WARN  --- [main] c.rubypaper.service.LoggingService : WARN ·¹º§ÀÇ ·Î±× 
2022:08:03 ERROR --- [main] c.rubypaper.service.LoggingService : ERROR ·¹º§ÀÇ ·Î±× 
2022:08:03 WARN  --- [main] c.rubypaper.service.LoggingService : WARN ·¹º§ÀÇ ·Î±× 
2022:08:03 ERROR --- [main] c.rubypaper.service.LoggingService : ERROR ·¹º§ÀÇ ·Î±× 
2022:08:03 WARN  --- [restartedMain] c.rubypaper.service.LoggingService : WARN ë ˆë²¨ì˜ ë¡œê·¸ 
2022:08:03 ERROR --- [restartedMain] c.rubypaper.service.LoggingService : ERROR ë ˆë²¨ì˜ ë¡œê·¸ 
